2026-03-12 14:39:38 - INFO - Model info: ('[S=10,B=3,Cap=20,D=110.6,W=0.5]',)
2026-03-12 14:39:38 - INFO - Number of stops in the problem model: 57
2026-03-12 14:39:38 - INFO - Initial routes: [Route(stops=[Stop(Id=0, is_depot=True, is_student=False, lat=61.124656, lon=10.473133, second_idx=0, is_covered=False, std_id=None, name=33337, labels=None), Stop(Id=1, is_depot=False, is_student=True, lat=61.0589, lon=10.4188, second_idx=1, is_covered=False, std_id=1, name=86945, labels=None), Stop(Id=2, is_depot=False, is_student=True, lat=61.0579, lon=10.4179, second_idx=2, is_covered=False, std_id=2, name=86946, labels=None), Stop(Id=3, is_depot=False, is_student=True, lat=61.0321, lon=10.5461, second_idx=3, is_covered=False, std_id=3, name=164493, labels=None), Stop(Id=4, is_depot=False, is_student=True, lat=61.0353, lon=10.6869, second_idx=4, is_covered=False, std_id=4, name=109294, labels=None), Stop(Id=5, is_depot=False, is_student=True, lat=60.9481, lon=10.6079, second_idx=5, is_covered=False, std_id=5, name=116787, labels=None), Stop(Id=6, is_depot=False, is_student=True, lat=61.0702, lon=10.6342, second_idx=6, is_covered=False, std_id=6, name=108866, labels=None), Stop(Id=7, is_depot=False, is_student=True, lat=61.1028, lon=10.4075, second_idx=7, is_covered=False, std_id=7, name=109501, labels=None), Stop(Id=8, is_depot=False, is_student=True, lat=61.1068, lon=10.4634, second_idx=8, is_covered=False, std_id=8, name=168681, labels=None), Stop(Id=9, is_depot=False, is_student=True, lat=60.6748, lon=10.9095, second_idx=9, is_covered=False, std_id=9, name=160415, labels=None), Stop(Id=10, is_depot=False, is_student=True, lat=61.3228, lon=9.84075, second_idx=10, is_covered=False, std_id=10, name=119568, labels=None), Stop(Id=0, is_depot=True, is_student=False, lat=61.124656, lon=10.473133, second_idx=56, is_covered=False, std_id=None, name=None, labels=None)], total_distance=249.4528559873454, total_walking_distance=1000.0, served_students=[1, 2, 3, 4, 5, 6, 7, 8, 9, 10], cost=0.0, lambda_value=None)]
2026-03-12 14:39:38 - INFO - --- Iteration 1 ---
2026-03-12 14:39:38 - INFO - restricted_master_problem called with fixed_lambda=False
2026-03-12 14:39:38 - INFO - Lambda for Route 0: 1.0 -> stops [0, 1, 2, 3, 4, 5, 6, 7, 8, 9, 10, 56], walk_dis 1000.0, cover_stds [1, 2, 3, 4, 5, 6, 7, 8, 9, 10]
2026-03-12 14:39:38 - INFO - Duals: {1: 1000.0, 2: 0.0, 3: 0.0, 4: 0.0, 5: 0.0, 6: 0.0, 7: 0.0, 8: 0.0, 9: 0.0, 10: 0.0}, 0.0
2026-03-12 14:39:38 - INFO - Adding single student routes to master problem.
2026-03-12 14:39:38 - INFO - New route successfully added with negative Reduced cost
2026-03-12 14:39:38 - INFO - New route successfully added with negative Reduced cost
2026-03-12 14:39:38 - INFO - New route successfully added with negative Reduced cost
2026-03-12 14:39:38 - INFO - New route successfully added with negative Reduced cost
2026-03-12 14:39:38 - INFO - New route successfully added with negative Reduced cost
2026-03-12 14:39:38 - INFO - New route successfully added with negative Reduced cost
2026-03-12 14:39:38 - INFO - New route successfully added with negative Reduced cost
2026-03-12 14:39:38 - INFO - New route successfully added with negative Reduced cost
2026-03-12 14:39:38 - INFO - New route successfully added with negative Reduced cost
2026-03-12 14:39:38 - INFO - New route successfully added with negative Reduced cost
2026-03-12 14:39:38 - INFO - --- Iteration 2 ---
2026-03-12 14:39:38 - INFO - restricted_master_problem called with fixed_lambda=False
2026-03-12 14:39:38 - INFO - Lambda for Route 0: 0.7777777777777778 -> stops [0, 1, 2, 3, 4, 5, 6, 7, 8, 9, 10, 56], walk_dis 1000.0, cover_stds [1, 2, 3, 4, 5, 6, 7, 8, 9, 10]
2026-03-12 14:39:38 - INFO - Lambda for Route 1: 0.2222222222222222 -> stops [0, 1, 56], walk_dis 0.0, cover_stds [1]
2026-03-12 14:39:38 - INFO - Lambda for Route 2: 0.2222222222222222 -> stops [0, 2, 56], walk_dis 0.0, cover_stds [2]
2026-03-12 14:39:38 - INFO - Lambda for Route 3: 0.2222222222222222 -> stops [0, 3, 56], walk_dis 0.0, cover_stds [3]
2026-03-12 14:39:38 - INFO - Lambda for Route 4: 0.2222222222222222 -> stops [0, 4, 56], walk_dis 0.0, cover_stds [4]
2026-03-12 14:39:38 - INFO - Lambda for Route 5: 0.2222222222222222 -> stops [0, 5, 56], walk_dis 0.0, cover_stds [5]
2026-03-12 14:39:38 - INFO - Lambda for Route 6: 0.2222222222222222 -> stops [0, 6, 56], walk_dis 0.0, cover_stds [6]
2026-03-12 14:39:38 - INFO - Lambda for Route 7: 0.2222222222222222 -> stops [0, 7, 56], walk_dis 0.0, cover_stds [7]
2026-03-12 14:39:38 - INFO - Lambda for Route 8: 0.2222222222222222 -> stops [0, 8, 56], walk_dis 0.0, cover_stds [8]
2026-03-12 14:39:38 - INFO - Lambda for Route 9: 0.2222222222222222 -> stops [0, 48, 56], walk_dis 0.29900429809249496, cover_stds [9]
2026-03-12 14:39:38 - INFO - Lambda for Route 10: 0.2222222222222222 -> stops [0, 10, 56], walk_dis 0.0, cover_stds [10]
2026-03-12 14:39:38 - INFO - Duals: {1: 111.07788841132304, 2: 111.07788841132304, 3: 111.07788841132304, 4: 111.07788841132304, 5: 111.07788841132304, 6: 111.07788841132304, 7: 111.07788841132304, 8: 111.07788841132304, 9: 111.37689270941554, 10: 111.07788841132304}, -111.07788841132304
2026-03-12 14:39:38 - INFO - Starting heuristic pricing problem.
2026-03-12 14:39:38 - INFO - New route successfully added with negative Reduced cost
2026-03-12 14:39:38 - INFO - --- Iteration 3 ---
2026-03-12 14:39:38 - INFO - restricted_master_problem called with fixed_lambda=False
2026-03-12 14:39:38 - INFO - Lambda for Route 0: 0.0 -> stops [0, 1, 2, 3, 4, 5, 6, 7, 8, 9, 10, 56], walk_dis 1000.0, cover_stds [1, 2, 3, 4, 5, 6, 7, 8, 9, 10]
2026-03-12 14:39:38 - INFO - Lambda for Route 1: 0.0 -> stops [0, 1, 56], walk_dis 0.0, cover_stds [1]
2026-03-12 14:39:38 - INFO - Lambda for Route 2: 0.0 -> stops [0, 2, 56], walk_dis 0.0, cover_stds [2]
2026-03-12 14:39:38 - INFO - Lambda for Route 3: 0.0 -> stops [0, 3, 56], walk_dis 0.0, cover_stds [3]
2026-03-12 14:39:38 - INFO - Lambda for Route 4: 0.0 -> stops [0, 4, 56], walk_dis 0.0, cover_stds [4]
2026-03-12 14:39:38 - INFO - Lambda for Route 5: 0.0 -> stops [0, 5, 56], walk_dis 0.0, cover_stds [5]
2026-03-12 14:39:38 - INFO - Lambda for Route 6: 0.0 -> stops [0, 6, 56], walk_dis 0.0, cover_stds [6]
2026-03-12 14:39:38 - INFO - Lambda for Route 7: 0.0 -> stops [0, 7, 56], walk_dis 0.0, cover_stds [7]
2026-03-12 14:39:38 - INFO - Lambda for Route 8: 0.0 -> stops [0, 8, 56], walk_dis 0.0, cover_stds [8]
2026-03-12 14:39:38 - INFO - Lambda for Route 9: 1.0 -> stops [0, 48, 56], walk_dis 0.29900429809249496, cover_stds [9]
2026-03-12 14:39:38 - INFO - Lambda for Route 10: 1.0 -> stops [0, 10, 56], walk_dis 0.0, cover_stds [10]
2026-03-12 14:39:38 - INFO - Lambda for Route 11: 1.0 -> stops [0, 6, 4, 5, 3, 8, 7, 2, 1, 56], walk_dis 0.0, cover_stds [1, 8, 7, 2, 6, 3, 4, 5]
2026-03-12 14:39:38 - INFO - Duals: {1: -0.0, 2: -0.0, 3: -0.0, 4: -0.0, 5: -0.0, 6: -0.0, 7: 0.0, 8: 0.0, 9: 0.29900429809249496, 10: -0.0}, 0.0
2026-03-12 14:39:38 - INFO - Integer solution found!
2026-03-12 14:39:38 - INFO - --- Final RMP Solve ---
2026-03-12 14:39:38 - INFO - Optimal objective: 0.29900429809249496
2026-03-12 14:39:38 - INFO - Route usage:
2026-03-12 14:39:38 - INFO - Route: [0, 48, 56], total walking time: 0.29900429809249496, total distance: 110.03039969561951,  students: [9], pickup point: {9: 48}
2026-03-12 14:39:38 - INFO - Route: [0, 10, 56], total walking time: 0.0, total distance: 80.77769623446946,  students: [10], pickup point: {10: 10}
2026-03-12 14:39:38 - INFO - Route: [0, 6, 4, 5, 3, 8, 7, 2, 1, 56], total walking time: 0.0, total distance: 61.35568382901971,  students: [1, 8, 7, 2, 6, 3, 4, 5], pickup point: {6: 6, 4: 4, 5: 5, 3: 3, 8: 8, 7: 7, 2: 2, 1: 1}
2026-03-12 14:39:38 - INFO - No duplicate students found in routes.
2026-03-12 14:39:38 - INFO - Final routes:
2026-03-12 14:39:38 - INFO - Route 0: [0, 48, 56]- Distance: 110.03039969561951, Served students: [9], walking distance: 0.29900429809249496
2026-03-12 14:39:38 - INFO - Route 1: [0, 10, 56]- Distance: 80.77769623446946, Served students: [10], walking distance: 0.0
2026-03-12 14:39:38 - INFO - Route 2: [0, 6, 4, 5, 3, 8, 7, 2, 1, 56]- Distance: 61.35568382901971, Served students: [1, 8, 7, 2, 6, 3, 4, 5], walking distance: 0.0
