2026-03-10 11:02:55 - INFO - Model info: ('[S=10,B=2,Cap=20,D=111,W=0.5]',)
2026-03-10 11:02:55 - INFO - Number of stops in the problem model: 57
2026-03-10 11:02:55 - INFO - Initial routes: [Route(stops=[Stop(Id=0, is_depot=True, is_student=False, lat=61.124656, lon=10.473133, second_idx=0, is_covered=False, std_id=None, name=33337, labels=None), Stop(Id=1, is_depot=False, is_student=True, lat=61.0589, lon=10.4188, second_idx=1, is_covered=False, std_id=1, name=86945, labels=None), Stop(Id=2, is_depot=False, is_student=True, lat=61.0579, lon=10.4179, second_idx=2, is_covered=False, std_id=2, name=86946, labels=None), Stop(Id=3, is_depot=False, is_student=True, lat=61.0321, lon=10.5461, second_idx=3, is_covered=False, std_id=3, name=164493, labels=None), Stop(Id=4, is_depot=False, is_student=True, lat=61.0353, lon=10.6869, second_idx=4, is_covered=False, std_id=4, name=109294, labels=None), Stop(Id=5, is_depot=False, is_student=True, lat=60.9481, lon=10.6079, second_idx=5, is_covered=False, std_id=5, name=116787, labels=None), Stop(Id=6, is_depot=False, is_student=True, lat=61.0702, lon=10.6342, second_idx=6, is_covered=False, std_id=6, name=108866, labels=None), Stop(Id=7, is_depot=False, is_student=True, lat=61.1028, lon=10.4075, second_idx=7, is_covered=False, std_id=7, name=109501, labels=None), Stop(Id=8, is_depot=False, is_student=True, lat=61.1068, lon=10.4634, second_idx=8, is_covered=False, std_id=8, name=168681, labels=None), Stop(Id=9, is_depot=False, is_student=True, lat=60.6748, lon=10.9095, second_idx=9, is_covered=False, std_id=9, name=160415, labels=None), Stop(Id=10, is_depot=False, is_student=True, lat=61.3228, lon=9.84075, second_idx=10, is_covered=False, std_id=10, name=119568, labels=None), Stop(Id=0, is_depot=True, is_student=False, lat=61.124656, lon=10.473133, second_idx=56, is_covered=False, std_id=None, name=None, labels=None)], total_distance=249.4528559873454, total_walking_distance=1000.0, served_students=[1, 2, 3, 4, 5, 6, 7, 8, 9, 10], cost=0.0, lambda_value=None)]
2026-03-10 11:02:55 - INFO - --- Iteration 1 ---
2026-03-10 11:02:55 - INFO - restricted_master_problem called with fixed_lambda=False
2026-03-10 11:02:55 - INFO - Lambda for Route 0: 1.0 -> stops [0, 1, 2, 3, 4, 5, 6, 7, 8, 9, 10, 56], walk_dis 1000.0, cover_stds [1, 2, 3, 4, 5, 6, 7, 8, 9, 10]
2026-03-10 11:02:55 - INFO - Duals: {1: 1000.0, 2: 0.0, 3: 0.0, 4: 0.0, 5: 0.0, 6: 0.0, 7: 0.0, 8: 0.0, 9: 0.0, 10: 0.0}, 0.0
2026-03-10 11:02:55 - INFO - Adding single student routes to master problem.
2026-03-10 11:02:55 - INFO - New route successfully added with negative Reduced cost
2026-03-10 11:02:55 - INFO - New route successfully added with negative Reduced cost
2026-03-10 11:02:55 - INFO - New route successfully added with negative Reduced cost
2026-03-10 11:02:55 - INFO - New route successfully added with negative Reduced cost
2026-03-10 11:02:55 - INFO - New route successfully added with negative Reduced cost
2026-03-10 11:02:55 - INFO - New route successfully added with negative Reduced cost
2026-03-10 11:02:55 - INFO - New route successfully added with negative Reduced cost
2026-03-10 11:02:55 - INFO - New route successfully added with negative Reduced cost
2026-03-10 11:02:55 - INFO - New route successfully added with negative Reduced cost
2026-03-10 11:02:55 - INFO - New route successfully added with negative Reduced cost
2026-03-10 11:02:55 - INFO - --- Iteration 2 ---
2026-03-10 11:02:55 - INFO - restricted_master_problem called with fixed_lambda=False
2026-03-10 11:02:55 - INFO - Lambda for Route 0: 0.8888888888888888 -> stops [0, 1, 2, 3, 4, 5, 6, 7, 8, 9, 10, 56], walk_dis 1000.0, cover_stds [1, 2, 3, 4, 5, 6, 7, 8, 9, 10]
2026-03-10 11:02:55 - INFO - Lambda for Route 1: 0.11111111111111116 -> stops [0, 1, 56], walk_dis 0.0, cover_stds [1]
2026-03-10 11:02:55 - INFO - Lambda for Route 2: 0.11111111111111116 -> stops [0, 2, 56], walk_dis 0.0, cover_stds [2]
2026-03-10 11:02:55 - INFO - Lambda for Route 3: 0.11111111111111116 -> stops [0, 3, 56], walk_dis 0.0, cover_stds [3]
2026-03-10 11:02:55 - INFO - Lambda for Route 4: 0.11111111111111116 -> stops [0, 4, 56], walk_dis 0.0, cover_stds [4]
2026-03-10 11:02:55 - INFO - Lambda for Route 5: 0.11111111111111116 -> stops [0, 5, 56], walk_dis 0.0, cover_stds [5]
2026-03-10 11:02:55 - INFO - Lambda for Route 6: 0.11111111111111116 -> stops [0, 6, 56], walk_dis 0.0, cover_stds [6]
2026-03-10 11:02:55 - INFO - Lambda for Route 7: 0.11111111111111116 -> stops [0, 7, 56], walk_dis 0.0, cover_stds [7]
2026-03-10 11:02:55 - INFO - Lambda for Route 8: 0.11111111111111116 -> stops [0, 8, 56], walk_dis 0.0, cover_stds [8]
2026-03-10 11:02:55 - INFO - Lambda for Route 9: 0.11111111111111116 -> stops [0, 9, 56], walk_dis 0.0, cover_stds [9]
2026-03-10 11:02:55 - INFO - Lambda for Route 10: 0.1111111111111111 -> stops [0, 10, 56], walk_dis 0.0, cover_stds [10]
2026-03-10 11:02:55 - INFO - Duals: {1: 111.11111111111111, 2: 111.11111111111111, 3: 111.11111111111111, 4: 111.11111111111111, 5: 111.11111111111111, 6: 111.11111111111111, 7: 111.11111111111111, 8: 111.11111111111111, 9: 111.11111111111111, 10: 111.11111111111111}, -111.11111111111111
2026-03-10 11:02:55 - INFO - Starting heuristic pricing problem.
2026-03-10 11:02:55 - INFO - New route successfully added with negative Reduced cost
2026-03-10 11:02:55 - INFO - --- Iteration 3 ---
2026-03-10 11:02:55 - INFO - restricted_master_problem called with fixed_lambda=False
2026-03-10 11:02:55 - INFO - Lambda for Route 0: 0.5 -> stops [0, 1, 2, 3, 4, 5, 6, 7, 8, 9, 10, 56], walk_dis 1000.0, cover_stds [1, 2, 3, 4, 5, 6, 7, 8, 9, 10]
2026-03-10 11:02:55 - INFO - Lambda for Route 1: 0.0 -> stops [0, 1, 56], walk_dis 0.0, cover_stds [1]
2026-03-10 11:02:55 - INFO - Lambda for Route 2: 0.0 -> stops [0, 2, 56], walk_dis 0.0, cover_stds [2]
2026-03-10 11:02:55 - INFO - Lambda for Route 3: 0.0 -> stops [0, 3, 56], walk_dis 0.0, cover_stds [3]
2026-03-10 11:02:55 - INFO - Lambda for Route 4: 0.0 -> stops [0, 4, 56], walk_dis 0.0, cover_stds [4]
2026-03-10 11:02:55 - INFO - Lambda for Route 5: 0.0 -> stops [0, 5, 56], walk_dis 0.0, cover_stds [5]
2026-03-10 11:02:55 - INFO - Lambda for Route 6: 0.0 -> stops [0, 6, 56], walk_dis 0.0, cover_stds [6]
2026-03-10 11:02:55 - INFO - Lambda for Route 7: 0.0 -> stops [0, 7, 56], walk_dis 0.0, cover_stds [7]
2026-03-10 11:02:55 - INFO - Lambda for Route 8: 0.0 -> stops [0, 8, 56], walk_dis 0.0, cover_stds [8]
2026-03-10 11:02:55 - INFO - Lambda for Route 9: 0.5 -> stops [0, 9, 56], walk_dis 0.0, cover_stds [9]
2026-03-10 11:02:55 - INFO - Lambda for Route 10: 0.5 -> stops [0, 10, 56], walk_dis 0.0, cover_stds [10]
2026-03-10 11:02:55 - INFO - Lambda for Route 11: 0.5 -> stops [0, 6, 4, 5, 3, 8, 7, 2, 1, 56], walk_dis 0.0, cover_stds [1, 8, 7, 2, 6, 3, 4, 5]
2026-03-10 11:02:55 - INFO - Duals: {1: 500.0, 2: -0.0, 3: 0.0, 4: 0.0, 5: 0.0, 6: 0.0, 7: 0.0, 8: 0.0, 9: 500.0, 10: 500.0}, -500.0
2026-03-10 11:02:55 - INFO - Starting heuristic pricing problem.
2026-03-10 11:02:55 - INFO - New route successfully added with negative Reduced cost
2026-03-10 11:02:55 - INFO - --- Iteration 4 ---
2026-03-10 11:02:55 - INFO - restricted_master_problem called with fixed_lambda=False
2026-03-10 11:02:55 - INFO - Lambda for Route 0: 0.5 -> stops [0, 1, 2, 3, 4, 5, 6, 7, 8, 9, 10, 56], walk_dis 1000.0, cover_stds [1, 2, 3, 4, 5, 6, 7, 8, 9, 10]
2026-03-10 11:02:55 - INFO - Lambda for Route 1: 0.0 -> stops [0, 1, 56], walk_dis 0.0, cover_stds [1]
2026-03-10 11:02:55 - INFO - Lambda for Route 2: 0.0 -> stops [0, 2, 56], walk_dis 0.0, cover_stds [2]
2026-03-10 11:02:55 - INFO - Lambda for Route 3: 0.0 -> stops [0, 3, 56], walk_dis 0.0, cover_stds [3]
2026-03-10 11:02:55 - INFO - Lambda for Route 4: 0.0 -> stops [0, 4, 56], walk_dis 0.0, cover_stds [4]
2026-03-10 11:02:55 - INFO - Lambda for Route 5: 0.0 -> stops [0, 5, 56], walk_dis 0.0, cover_stds [5]
2026-03-10 11:02:55 - INFO - Lambda for Route 6: 0.0 -> stops [0, 6, 56], walk_dis 0.0, cover_stds [6]
2026-03-10 11:02:55 - INFO - Lambda for Route 7: 0.0 -> stops [0, 7, 56], walk_dis 0.0, cover_stds [7]
2026-03-10 11:02:55 - INFO - Lambda for Route 8: 0.0 -> stops [0, 8, 56], walk_dis 0.0, cover_stds [8]
2026-03-10 11:02:55 - INFO - Lambda for Route 9: 0.5 -> stops [0, 9, 56], walk_dis 0.0, cover_stds [9]
2026-03-10 11:02:55 - INFO - Lambda for Route 10: 0.5 -> stops [0, 10, 56], walk_dis 0.0, cover_stds [10]
2026-03-10 11:02:55 - INFO - Lambda for Route 11: 0.5 -> stops [0, 6, 4, 5, 3, 8, 7, 2, 1, 56], walk_dis 0.0, cover_stds [1, 8, 7, 2, 6, 3, 4, 5]
2026-03-10 11:02:55 - INFO - Lambda for Route 12: 0.0 -> stops [0, 10, 1, 56], walk_dis 0.0, cover_stds [1, 10]
2026-03-10 11:02:55 - INFO - Duals: {1: -0.0, 2: 500.0, 3: -0.0, 4: 0.0, 5: 0.0, 6: 0.0, 7: 0.0, 8: 0.0, 9: 500.0, 10: 500.0}, -500.0
2026-03-10 11:02:55 - INFO - Starting heuristic pricing problem.
2026-03-10 11:02:55 - INFO - New route successfully added with negative Reduced cost
2026-03-10 11:02:55 - INFO - --- Iteration 5 ---
2026-03-10 11:02:55 - INFO - restricted_master_problem called with fixed_lambda=False
2026-03-10 11:02:55 - INFO - Lambda for Route 0: 0.5 -> stops [0, 1, 2, 3, 4, 5, 6, 7, 8, 9, 10, 56], walk_dis 1000.0, cover_stds [1, 2, 3, 4, 5, 6, 7, 8, 9, 10]
2026-03-10 11:02:55 - INFO - Lambda for Route 1: 0.0 -> stops [0, 1, 56], walk_dis 0.0, cover_stds [1]
2026-03-10 11:02:55 - INFO - Lambda for Route 2: 0.0 -> stops [0, 2, 56], walk_dis 0.0, cover_stds [2]
2026-03-10 11:02:55 - INFO - Lambda for Route 3: 0.0 -> stops [0, 3, 56], walk_dis 0.0, cover_stds [3]
2026-03-10 11:02:55 - INFO - Lambda for Route 4: 0.0 -> stops [0, 4, 56], walk_dis 0.0, cover_stds [4]
2026-03-10 11:02:55 - INFO - Lambda for Route 5: 0.0 -> stops [0, 5, 56], walk_dis 0.0, cover_stds [5]
2026-03-10 11:02:55 - INFO - Lambda for Route 6: 0.0 -> stops [0, 6, 56], walk_dis 0.0, cover_stds [6]
2026-03-10 11:02:55 - INFO - Lambda for Route 7: 0.0 -> stops [0, 7, 56], walk_dis 0.0, cover_stds [7]
2026-03-10 11:02:55 - INFO - Lambda for Route 8: 0.0 -> stops [0, 8, 56], walk_dis 0.0, cover_stds [8]
2026-03-10 11:02:55 - INFO - Lambda for Route 9: 0.5 -> stops [0, 9, 56], walk_dis 0.0, cover_stds [9]
2026-03-10 11:02:55 - INFO - Lambda for Route 10: 0.5 -> stops [0, 10, 56], walk_dis 0.0, cover_stds [10]
2026-03-10 11:02:55 - INFO - Lambda for Route 11: 0.5 -> stops [0, 6, 4, 5, 3, 8, 7, 2, 1, 56], walk_dis 0.0, cover_stds [1, 8, 7, 2, 6, 3, 4, 5]
2026-03-10 11:02:55 - INFO - Lambda for Route 12: 0.0 -> stops [0, 10, 1, 56], walk_dis 0.0, cover_stds [1, 10]
2026-03-10 11:02:55 - INFO - Lambda for Route 13: 0.0 -> stops [0, 10, 2, 1, 56], walk_dis 0.0, cover_stds [1, 2, 10]
2026-03-10 11:02:55 - INFO - Duals: {1: -0.0, 2: -0.0, 3: -0.0, 4: 500.0, 5: 0.0, 6: 0.0, 7: 0.0, 8: 0.0, 9: 500.0, 10: 500.0}, -500.0
2026-03-10 11:02:55 - INFO - Starting heuristic pricing problem.
2026-03-10 11:02:55 - INFO - No improving route found in heuristic pricing problem.
2026-03-10 11:02:55 - INFO - The biggest lambda value is in route index 9
2026-03-10 11:02:55 - INFO - restricted_master_problem called with fixed_lambda=True
2026-03-10 11:02:55 - INFO - Fixing lambda for route 9 to 1
2026-03-10 11:02:55 - INFO - Lambda for Route 0: 1.0 -> stops [0, 1, 2, 3, 4, 5, 6, 7, 8, 9, 10, 56], walk_dis 1000.0, cover_stds [1, 2, 3, 4, 5, 6, 7, 8, 9, 10]
2026-03-10 11:02:55 - INFO - Lambda for Route 1: 0.0 -> stops [0, 1, 56], walk_dis 0.0, cover_stds [1]
2026-03-10 11:02:55 - INFO - Lambda for Route 2: 0.0 -> stops [0, 2, 56], walk_dis 0.0, cover_stds [2]
2026-03-10 11:02:55 - INFO - Lambda for Route 3: 0.0 -> stops [0, 3, 56], walk_dis 0.0, cover_stds [3]
2026-03-10 11:02:55 - INFO - Lambda for Route 4: 0.0 -> stops [0, 4, 56], walk_dis 0.0, cover_stds [4]
2026-03-10 11:02:55 - INFO - Lambda for Route 5: 0.0 -> stops [0, 5, 56], walk_dis 0.0, cover_stds [5]
2026-03-10 11:02:55 - INFO - Lambda for Route 6: 0.0 -> stops [0, 6, 56], walk_dis 0.0, cover_stds [6]
2026-03-10 11:02:55 - INFO - Lambda for Route 7: 0.0 -> stops [0, 7, 56], walk_dis 0.0, cover_stds [7]
2026-03-10 11:02:55 - INFO - Lambda for Route 8: 0.0 -> stops [0, 8, 56], walk_dis 0.0, cover_stds [8]
2026-03-10 11:02:55 - INFO - Lambda for Route 9: 1.0 -> stops [0, 9, 56], walk_dis 0.0, cover_stds [9]
2026-03-10 11:02:55 - INFO - Lambda for Route 10: 0.0 -> stops [0, 10, 56], walk_dis 0.0, cover_stds [10]
2026-03-10 11:02:55 - INFO - Lambda for Route 11: 0.0 -> stops [0, 6, 4, 5, 3, 8, 7, 2, 1, 56], walk_dis 0.0, cover_stds [1, 8, 7, 2, 6, 3, 4, 5]
2026-03-10 11:02:55 - INFO - Lambda for Route 12: 0.0 -> stops [0, 10, 1, 56], walk_dis 0.0, cover_stds [1, 10]
2026-03-10 11:02:55 - INFO - Lambda for Route 13: 0.0 -> stops [0, 10, 2, 1, 56], walk_dis 0.0, cover_stds [1, 2, 10]
2026-03-10 11:02:55 - INFO - Duals: {1: 0.0, 2: -0.0, 3: 1000.0, 4: 0.0, 5: 0.0, 6: 0.0, 7: 0.0, 8: 0.0, 9: 0.0, 10: 1000.0}, -1000.0
2026-03-10 11:02:55 - INFO - Starting heuristic pricing problem.
2026-03-10 11:02:55 - INFO - Selected students for route building: [9] from route index 9
2026-03-10 11:02:55 - INFO - Candidate stops for route building: [3, 10]
2026-03-10 11:02:55 - INFO - Creating new route from positive dual students.
2026-03-10 11:02:55 - INFO - New route successfully added with negative Reduced cost
2026-03-10 11:02:55 - INFO - Route 0 lambda value: 1.0
2026-03-10 11:02:55 - INFO - Route 1 lambda value: 0.0
2026-03-10 11:02:55 - INFO - Route 2 lambda value: 0.0
2026-03-10 11:02:55 - INFO - Route 3 lambda value: 0.0
2026-03-10 11:02:55 - INFO - Route 4 lambda value: 0.0
2026-03-10 11:02:55 - INFO - Route 5 lambda value: 0.0
2026-03-10 11:02:55 - INFO - Route 6 lambda value: 0.0
2026-03-10 11:02:55 - INFO - Route 7 lambda value: 0.0
2026-03-10 11:02:55 - INFO - Route 8 lambda value: 0.0
2026-03-10 11:02:55 - INFO - Route 9 lambda value: 1.0
2026-03-10 11:02:55 - INFO - Route 10 lambda value: 0.0
2026-03-10 11:02:55 - INFO - Route 11 lambda value: 0.0
2026-03-10 11:02:55 - INFO - Route 12 lambda value: 0.0
2026-03-10 11:02:55 - INFO - Route 13 lambda value: 0.0
2026-03-10 11:02:55 - INFO - Route 14 lambda value: None
2026-03-10 11:02:55 - INFO - Pricing problem is successful with lambda constraints.
2026-03-10 11:02:55 - INFO - --- Iteration 6 ---
2026-03-10 11:02:55 - INFO - restricted_master_problem called with fixed_lambda=True
2026-03-10 11:02:55 - INFO - Fixing lambda for route 9 to 1
2026-03-10 11:02:55 - INFO - Lambda for Route 0: 1.0 -> stops [0, 1, 2, 3, 4, 5, 6, 7, 8, 9, 10, 56], walk_dis 1000.0, cover_stds [1, 2, 3, 4, 5, 6, 7, 8, 9, 10]
2026-03-10 11:02:55 - INFO - Lambda for Route 1: 0.0 -> stops [0, 1, 56], walk_dis 0.0, cover_stds [1]
2026-03-10 11:02:55 - INFO - Lambda for Route 2: 0.0 -> stops [0, 2, 56], walk_dis 0.0, cover_stds [2]
2026-03-10 11:02:55 - INFO - Lambda for Route 3: 0.0 -> stops [0, 3, 56], walk_dis 0.0, cover_stds [3]
2026-03-10 11:02:55 - INFO - Lambda for Route 4: 0.0 -> stops [0, 4, 56], walk_dis 0.0, cover_stds [4]
2026-03-10 11:02:55 - INFO - Lambda for Route 5: 0.0 -> stops [0, 5, 56], walk_dis 0.0, cover_stds [5]
2026-03-10 11:02:55 - INFO - Lambda for Route 6: 0.0 -> stops [0, 6, 56], walk_dis 0.0, cover_stds [6]
2026-03-10 11:02:55 - INFO - Lambda for Route 7: 0.0 -> stops [0, 7, 56], walk_dis 0.0, cover_stds [7]
2026-03-10 11:02:55 - INFO - Lambda for Route 8: 0.0 -> stops [0, 8, 56], walk_dis 0.0, cover_stds [8]
2026-03-10 11:02:55 - INFO - Lambda for Route 9: 1.0 -> stops [0, 9, 56], walk_dis 0.0, cover_stds [9]
2026-03-10 11:02:55 - INFO - Lambda for Route 10: 0.0 -> stops [0, 10, 56], walk_dis 0.0, cover_stds [10]
2026-03-10 11:02:55 - INFO - Lambda for Route 11: 0.0 -> stops [0, 6, 4, 5, 3, 8, 7, 2, 1, 56], walk_dis 0.0, cover_stds [1, 8, 7, 2, 6, 3, 4, 5]
2026-03-10 11:02:55 - INFO - Lambda for Route 12: 0.0 -> stops [0, 10, 1, 56], walk_dis 0.0, cover_stds [1, 10]
2026-03-10 11:02:55 - INFO - Lambda for Route 13: 0.0 -> stops [0, 10, 2, 1, 56], walk_dis 0.0, cover_stds [1, 2, 10]
2026-03-10 11:02:55 - INFO - Lambda for Route 14: 0.0 -> stops [0, 10, 3, 56], walk_dis 0.0, cover_stds [3, 10]
2026-03-10 11:02:55 - INFO - Duals: {1: 0.0, 2: -0.0, 3: -0.0, 4: 1000.0, 5: 0.0, 6: 0.0, 7: 0.0, 8: 0.0, 9: 0.0, 10: 1000.0}, -1000.0
2026-03-10 11:02:55 - INFO - Starting heuristic pricing problem.
2026-03-10 11:02:55 - INFO - Selected students for route building: [9] from route index 9
2026-03-10 11:02:55 - INFO - Candidate stops for route building: [4, 10]
2026-03-10 11:02:55 - INFO - Creating new route from positive dual students.
2026-03-10 11:02:55 - INFO - No improving route found in heuristic pricing problem.
2026-03-10 11:02:55 - INFO - Pricing problem is stopping, because of: ModelSuccess.NO_NEW_ROUTE
2026-03-10 11:02:55 - INFO - --- Final RMP Solve ---
2026-03-10 11:02:55 - INFO - Optimal objective: 1000.0
2026-03-10 11:02:55 - INFO - Route usage:
2026-03-10 11:02:55 - INFO - Route: [0, 1, 2, 3, 4, 5, 6, 7, 8, 9, 10, 56], total walking time: 1000.0, total distance: 249.4528559873454,  students: [1, 2, 3, 4, 5, 6, 7, 8, 9, 10], pickup point: {1: 1, 2: 2, 3: 3, 4: 4, 5: 5, 6: 6, 7: 7, 8: 8, 9: 9, 10: 10}
2026-03-10 11:02:55 - INFO - Route: [0, 10, 2, 1, 56], total walking time: 0.0, total distance: 91.092539061765,  students: [1, 2, 10], pickup point: {10: 10, 2: 2, 1: 1}
2026-03-10 11:02:55 - INFO - Duplicate students found in routes: {1: [0, 1], 2: [0, 1], 10: [0, 1]}. Removing duplicates from the most expensive route.
2026-03-10 11:02:55 - INFO - Student 1 is served by multiple routes: [0, 1]
2026-03-10 11:02:55 - INFO - Removing student 1 from route 0 with distance 249.4528559873454
2026-03-10 11:02:55 - INFO - Student 2 is served by multiple routes: [0, 1]
2026-03-10 11:02:55 - INFO - Removing student 2 from route 0 with distance 249.45279801170506
2026-03-10 11:02:55 - INFO - Student 10 is served by multiple routes: [0, 1]
2026-03-10 11:02:55 - INFO - Removing student 10 from route 0 with distance 244.99873113056285
2026-03-10 11:02:55 - INFO - Final routes:
2026-03-10 11:02:55 - INFO - Route 0: [0, 3, 4, 5, 6, 7, 8, 9, 56]- Distance: 167.66277353219928, Served students: [3, 4, 5, 6, 7, 8, 9], walking distance: 1000.0
2026-03-10 11:02:55 - INFO - Route 1: [0, 10, 2, 1, 56]- Distance: 91.092539061765, Served students: [1, 2, 10], walking distance: 0.0
