2026-04-19 15:57:59 - INFO - === Run started at 2026-04-19 15:57:59 | logger=main_model_[S=10,B=2,Cap=20,D=112.0,W=0.5] ===
2026-04-19 15:57:59 - INFO - number of nodes: 56
2026-04-19 15:58:03 - INFO - === Run started at 2026-04-19 15:58:03 | logger=main_model_[S=10,B=2,Cap=20,D=112.0,W=0.5] ===
2026-04-19 15:58:03 - INFO - number of nodes: 56
2026-04-19 15:58:09 - INFO - === Run started at 2026-04-19 15:58:09 | logger=main_model_[S=10,B=2,Cap=20,D=112.0,W=0.5] ===
2026-04-19 15:58:09 - INFO - number of nodes: 56
2026-04-19 15:58:52 - INFO - === Run started at 2026-04-19 15:58:52 | logger=main_model_[S=10,B=2,Cap=20,D=112.0,W=0.5] ===
2026-04-19 15:58:52 - INFO - number of nodes: 56
2026-04-19 15:58:52 - INFO - === Run started at 2026-04-19 15:58:52 | logger=main_model_[S=10,B=2,Cap=20,D=112.0,W=0.5] ===
2026-04-19 15:58:52 - INFO - number of nodes: 56
2026-04-19 15:59:55 - INFO - === Run started at 2026-04-19 15:59:55 | logger=main_model_[S=10,B=2,Cap=20,D=112.0,W=0.5] ===
2026-04-19 15:59:55 - INFO - number of nodes: 56
2026-04-19 16:02:21 - INFO - number of nodes: 56
2026-04-19 16:03:17 - INFO - Main problem solved in 265.49 seconds
2026-04-19 16:03:17 - INFO - Main problem objective : 0.29900471109482163
2026-04-19 16:03:17 - INFO - New route nodes:[0, 10, 7, 1, 2, 8, 6, 56] covered_students: [1, 2, 6, 7, 8, 10]- total walking distance:0.0- total distance:110.97854703985904
2026-04-19 16:03:17 - INFO - New route nodes:[0, 3, 5, 48, 4, 56] covered_students: [3, 4, 5, 9]- total walking distance:0.29900471109482163- total distance:111.91853044583965
2026-04-19 16:03:18 - INFO - Main problem solved in 266.50 seconds
2026-04-19 16:03:18 - INFO - Main problem objective : 0.29900471109482163
2026-04-19 16:03:18 - INFO - New route nodes:[0, 10, 7, 1, 2, 8, 6, 56] covered_students: [1, 2, 6, 7, 8, 10]- total walking distance:0.0- total distance:110.97854703985904
2026-04-19 16:03:18 - INFO - New route nodes:[0, 3, 5, 48, 4, 56] covered_students: [3, 4, 5, 9]- total walking distance:0.29900471109482163- total distance:111.91853044583965
2026-04-19 16:05:02 - INFO - Main problem solved in 304.07 seconds
2026-04-19 16:05:02 - INFO - Main problem objective : 0.29900471109482163
2026-04-19 16:05:02 - INFO - New route nodes:[0, 10, 7, 1, 2, 8, 6, 56] covered_students: [1, 2, 6, 7, 8, 10]- total walking distance:0.0- total distance:110.97854703985904
2026-04-19 16:05:02 - INFO - New route nodes:[0, 3, 5, 48, 4, 56] covered_students: [3, 4, 5, 9]- total walking distance:0.29900471109482163- total distance:111.91853044583965
2026-04-19 16:06:10 - INFO - Main problem solved in 229.36 seconds
2026-04-19 16:06:10 - INFO - Main problem objective : 0.29900471109482163
2026-04-19 16:06:10 - INFO - New route nodes:[0, 10, 7, 1, 2, 8, 6, 56] covered_students: [1, 2, 6, 7, 8, 10]- total walking distance:0.0- total distance:110.97854703985904
2026-04-19 16:06:10 - INFO - New route nodes:[0, 3, 5, 48, 4, 56] covered_students: [3, 4, 5, 9]- total walking distance:0.29900471109482163- total distance:111.91853044583965
2026-04-19 16:06:52 - INFO - === Run started at 2026-04-19 16:06:52 | logger=main_model_[S=10,B=2,Cap=20,D=112.0,W=0.5] ===
2026-04-19 16:06:52 - INFO - number of nodes: 56
2026-04-19 16:08:44 - INFO - === Run started at 2026-04-19 16:08:44 | logger=main_model_[S=10,B=2,Cap=20,D=112.0,W=0.5] ===
2026-04-19 16:08:44 - INFO - number of nodes: 56
2026-04-19 16:09:11 - INFO - Main problem solved in 138.17 seconds
2026-04-19 16:09:11 - INFO - Main problem objective : 0.29900471109482163
2026-04-19 16:09:11 - INFO - New route nodes:[0, 10, 7, 1, 2, 8, 6, 56] covered_students: [1, 2, 6, 7, 8, 10]- total walking distance:0.0- total distance:110.97854703985904
2026-04-19 16:09:11 - INFO - New route nodes:[0, 3, 5, 48, 4, 56] covered_students: [3, 4, 5, 9]- total walking distance:0.29900471109482163- total distance:111.91853044583965
2026-04-19 16:11:03 - INFO - Main problem solved in 139.60 seconds
2026-04-19 16:11:03 - INFO - Main problem objective : 0.29900471109482163
2026-04-19 16:11:03 - INFO - New route nodes:[0, 10, 7, 1, 2, 8, 6, 56] covered_students: [1, 2, 6, 7, 8, 10]- total walking distance:0.0- total distance:110.97854703985904
2026-04-19 16:11:03 - INFO - New route nodes:[0, 3, 5, 48, 4, 56] covered_students: [3, 4, 5, 9]- total walking distance:0.29900471109482163- total distance:111.91853044583965
